2021-01-15 17:28:51,940 INFO  [LoggerHelper] **************************************************************************************** 
2021-01-15 17:28:51,941 INFO  [LoggerHelper] **************************************************************************************** 
2021-01-15 17:28:51,941 INFO  [LoggerHelper] $$$$$$$$$$$$$$$$$$$$$                 annotation test       $$$$$$$$$$$$$$$$$$$$$$$$$ 
2021-01-15 17:28:51,941 INFO  [LoggerHelper] **************************************************************************************** 
2021-01-15 17:28:51,941 INFO  [LoggerHelper] **************************************************************************************** 
2021-01-15 17:28:51,941 INFO  [LoggerHelper] In start testcase 
2021-01-15 17:29:00,248 INFO  [LoggerHelper] In prod Search page 
2021-01-15 17:29:54,835 INFO  [LoggerHelper] in cart done 
2021-01-15 17:30:12,673 INFO  [LoggerHelper] in proceed to buy  
2021-01-15 17:30:16,159 INFO  [LoggerHelper] in proceed to buy  
2021-01-15 17:30:18,059 INFO  [LoggerHelper] in add address done 
2021-01-16 17:59:50,538 INFO  [LoggerHelper] **************************************************************************************** 
2021-01-16 17:59:50,634 INFO  [LoggerHelper] **************************************************************************************** 
2021-01-16 17:59:50,635 INFO  [LoggerHelper] $$$$$$$$$$$$$$$$$$$$$                 annotation test       $$$$$$$$$$$$$$$$$$$$$$$$$ 
2021-01-16 17:59:50,635 INFO  [LoggerHelper] **************************************************************************************** 
2021-01-16 17:59:50,635 INFO  [LoggerHelper] **************************************************************************************** 
2021-01-16 17:59:50,635 INFO  [LoggerHelper] In start testcase 
2021-01-16 18:00:26,984 INFO  [LoggerHelper] in cart done 
2021-01-16 18:00:41,079 INFO  [LoggerHelper] in add address done 
2021-01-17 13:08:54,421 INFO  [LoggerHelper] **************************************************************************************** 
2021-01-17 13:08:54,475 INFO  [LoggerHelper] **************************************************************************************** 
2021-01-17 13:08:54,475 INFO  [LoggerHelper] $$$$$$$$$$$$$$$$$$$$$                 annotation test       $$$$$$$$$$$$$$$$$$$$$$$$$ 
2021-01-17 13:08:54,475 INFO  [LoggerHelper] **************************************************************************************** 
2021-01-17 13:08:54,476 INFO  [LoggerHelper] **************************************************************************************** 
2021-01-17 13:08:54,476 INFO  [LoggerHelper] In start testcase 
2021-01-17 13:09:10,861 INFO  [LoggerHelper] In prod Search page 
2021-01-17 13:10:55,074 INFO  [LoggerHelper] in cart done 
2021-01-17 13:11:13,315 INFO  [LoggerHelper] in proceed to buy  
2021-01-17 13:11:16,905 INFO  [LoggerHelper] in proceed to buy  
2021-01-17 13:11:18,990 INFO  [LoggerHelper] in add address done 
2021-01-27 20:46:25,003 INFO  [LoggerHelper] **************************************************************************************** 
2021-01-27 20:46:25,065 INFO  [LoggerHelper] **************************************************************************************** 
2021-01-27 20:46:25,065 INFO  [LoggerHelper] $$$$$$$$$$$$$$$$$$$$$                 annotation test       $$$$$$$$$$$$$$$$$$$$$$$$$ 
2021-01-27 20:46:25,065 INFO  [LoggerHelper] **************************************************************************************** 
2021-01-27 20:46:25,065 INFO  [LoggerHelper] **************************************************************************************** 
2021-01-27 20:46:25,065 INFO  [LoggerHelper] In start testcase 
2021-01-27 20:46:39,208 INFO  [LoggerHelper] In prod Search page 
2021-01-27 20:48:24,779 INFO  [LoggerHelper] **************************************************************************************** 
2021-01-27 20:48:24,799 INFO  [LoggerHelper] **************************************************************************************** 
2021-01-27 20:48:24,799 INFO  [LoggerHelper] $$$$$$$$$$$$$$$$$$$$$                 annotation test       $$$$$$$$$$$$$$$$$$$$$$$$$ 
2021-01-27 20:48:24,800 INFO  [LoggerHelper] **************************************************************************************** 
2021-01-27 20:48:24,801 INFO  [LoggerHelper] **************************************************************************************** 
2021-01-27 20:48:24,801 INFO  [LoggerHelper] In start testcase 
2021-01-27 20:48:30,807 INFO  [LoggerHelper] In prod Search page 
2021-01-27 20:55:44,933 INFO  [LoggerHelper] in cart done 
2021-01-27 20:56:48,316 INFO  [LoggerHelper] **************************************************************************************** 
2021-01-27 20:56:48,359 INFO  [LoggerHelper] **************************************************************************************** 
2021-01-27 20:56:48,359 INFO  [LoggerHelper] $$$$$$$$$$$$$$$$$$$$$                 annotation test       $$$$$$$$$$$$$$$$$$$$$$$$$ 
2021-01-27 20:56:48,359 INFO  [LoggerHelper] **************************************************************************************** 
2021-01-27 20:56:48,359 INFO  [LoggerHelper] **************************************************************************************** 
2021-01-27 20:56:48,360 INFO  [LoggerHelper] In start testcase 
2021-01-27 20:56:58,977 INFO  [LoggerHelper] In prod Search page 
2021-01-27 20:57:55,270 INFO  [LoggerHelper] in cart done 
2021-01-27 20:58:11,111 INFO  [LoggerHelper] in proceed to buy  
2021-01-27 20:58:15,015 INFO  [LoggerHelper] in proceed to buy  
2021-01-27 20:58:16,678 INFO  [LoggerHelper] in add address done 
2021-01-27 22:09:12,644 INFO  [LoggerHelper] **************************************************************************************** 
2021-01-27 22:09:12,780 INFO  [LoggerHelper] **************************************************************************************** 
2021-01-27 22:09:12,781 INFO  [LoggerHelper] $$$$$$$$$$$$$$$$$$$$$                 annotation test       $$$$$$$$$$$$$$$$$$$$$$$$$ 
2021-01-27 22:09:12,781 INFO  [LoggerHelper] **************************************************************************************** 
2021-01-27 22:09:12,782 INFO  [LoggerHelper] **************************************************************************************** 
2021-01-27 22:09:12,782 INFO  [LoggerHelper] In start testcase 
2021-01-27 22:09:20,700 INFO  [LoggerHelper] In prod Search page 
2021-01-27 22:10:09,942 INFO  [LoggerHelper] in cart done 
2021-01-27 22:10:23,706 INFO  [LoggerHelper] in proceed to buy  
2021-01-27 22:10:24,611 INFO  [LoggerHelper] in proceed to buy  
2021-01-27 22:10:25,266 INFO  [LoggerHelper] in add address done 
2021-01-27 22:13:07,093 INFO  [LoggerHelper] **************************************************************************************** 
2021-01-27 22:13:07,093 INFO  [LoggerHelper] **************************************************************************************** 
2021-01-27 22:13:07,094 INFO  [LoggerHelper] $$$$$$$$$$$$$$$$$$$$$                 annotation test       $$$$$$$$$$$$$$$$$$$$$$$$$ 
2021-01-27 22:13:07,094 INFO  [LoggerHelper] **************************************************************************************** 
2021-01-27 22:13:07,094 INFO  [LoggerHelper] **************************************************************************************** 
2021-01-27 22:13:07,094 INFO  [LoggerHelper] In start testcase 
2021-01-27 22:13:12,273 INFO  [LoggerHelper] In prod Search page 
2021-01-27 22:13:56,326 INFO  [LoggerHelper] in cart done 
2021-01-27 22:14:10,164 INFO  [LoggerHelper] in proceed to buy  
2021-01-27 22:14:11,203 INFO  [LoggerHelper] in proceed to buy  
2021-01-27 22:14:11,995 INFO  [LoggerHelper] in add address done 
